flex version 2.5.37 usage statistics:
  scanner options: -dsvI8 -Cem -oyylex.cc
  286/2000 NFA states
  109/1000 DFA states (577 words)
  49 rules
  Compressed tables always back-up
  1/40 start conditions
  164 epsilon states, 67 double epsilon states
  17/100 character classes needed 181/500 words of storage, 0 reused
  1718 state/nextstate pairs created
  281/1437 unique/duplicate transitions
  114/1000 base-def entries created
  205/2000 (peak 308) nxt-chk entries created
  20/2500 (peak 240) template nxt-chk entries created
  0 empty table entries
  5 protos created
  5 templates created, 66 uses
  48/256 equivalence classes created
  4/256 meta-equivalence classes created
  0 (7 saved) hash collisions, 175 DFAs equal
  0 sets of reallocations needed
  942 total table entries needed
